gyp info it worked if it ends with ok
gyp info using node-gyp@7.1.2
gyp info using node@12.16.3 | darwin | x64
gyp info find Python using Python version 3.8.3 found at "/Users/onkarbk/opt/anaconda3/bin/python3"
gyp info spawn /Users/onkarbk/opt/anaconda3/bin/python3
gyp info spawn args [
gyp info spawn args   '/usr/local/lib/node_modules/npm/node_modules/node-gyp/gyp/gyp_main.py',
gyp info spawn args   'binding.gyp',
gyp info spawn args   '-f',
gyp info spawn args   'make',
gyp info spawn args   '-I',
gyp info spawn args   '/Users/onkarbk/eth-ipfs/node_modules/ursa-optional/build/config.gypi',
gyp info spawn args   '-I',
gyp info spawn args   '/usr/local/lib/node_modules/npm/node_modules/node-gyp/addon.gypi',
gyp info spawn args   '-I',
gyp info spawn args   '/Users/onkarbk/Library/Caches/node-gyp/12.16.3/include/node/common.gypi',
gyp info spawn args   '-Dlibrary=shared_library',
gyp info spawn args   '-Dvisibility=default',
gyp info spawn args   '-Dnode_root_dir=/Users/onkarbk/Library/Caches/node-gyp/12.16.3',
gyp info spawn args   '-Dnode_gyp_dir=/usr/local/lib/node_modules/npm/node_modules/node-gyp',
gyp info spawn args   '-Dnode_lib_file=/Users/onkarbk/Library/Caches/node-gyp/12.16.3/<(target_arch)/node.lib',
gyp info spawn args   '-Dmodule_root_dir=/Users/onkarbk/eth-ipfs/node_modules/ursa-optional',
gyp info spawn args   '-Dnode_engine=v8',
gyp info spawn args   '--depth=.',
gyp info spawn args   '--no-parallel',
gyp info spawn args   '--generator-output',
gyp info spawn args   'build',
gyp info spawn args   '-Goutput_dir=.'
gyp info spawn args ]
No receipt for 'com.apple.pkg.CLTools_Executables' found at '/'.
No receipt for 'com.apple.pkg.DeveloperToolsCLILeo' found at '/'.
No receipt for 'com.apple.pkg.DeveloperToolsCLI' found at '/'.



gyp info spawn make
gyp info spawn args [ 'BUILDTYPE=Release', '-C', 'build' ]
../src/ursaNative.cc:543:32: error: too few arguments to function call, single argument 'isolate' was not specified
  int length = str->Utf8Length();
               ~~~~~~~~~~~~~~~ ^
/Users/onkarbk/Library/Caches/node-gyp/12.16.3/include/node/v8.h:2818:3: note: 'Utf8Length' declared here
  int Utf8Length(Isolate* isolate) const;
  ^
../src/ursaNative.cc:553:18: error: cannot initialize a parameter of type 'v8::Isolate *' with an lvalue of type 'char *'
  str->WriteUtf8(result, length + 1);
                 ^~~~~~
/Users/onkarbk/Library/Caches/node-gyp/12.16.3/include/node/v8.h:2878:26: note: passing argument to parameter 'isolate' here
  int WriteUtf8(Isolate* isolate, char* buffer, int length = -1,
                         ^
../src/ursaNative.cc:690:68: error: too few arguments to function call, single argument 'context' was not specified
  target->Set(NanNew("RsaWrap").ToLocalChecked(), tpl->GetFunction());
                                                  ~~~~~~~~~~~~~~~~ ^
/Users/onkarbk/Library/Caches/node-gyp/12.16.3/include/node/v8.h:6126:3: note: 'GetFunction' declared here
  V8_WARN_UNUSED_RESULT MaybeLocal<Function> GetFunction(
  ^
/Users/onkarbk/Library/Caches/node-gyp/12.16.3/include/node/v8config.h:368:31: note: expanded from macro 'V8_WARN_UNUSED_RESULT'
#define V8_WARN_UNUSED_RESULT __attribute__((warn_unused_result))
                              ^
../src/ursaNative.cc:691:38: error: too few arguments to function call, single argument 'context' was not specified
  constructor.Reset(tpl->GetFunction());
                    ~~~~~~~~~~~~~~~~ ^
/Users/onkarbk/Library/Caches/node-gyp/12.16.3/include/node/v8.h:6126:3: note: 'GetFunction' declared here
  V8_WARN_UNUSED_RESULT MaybeLocal<Function> GetFunction(
  ^
/Users/onkarbk/Library/Caches/node-gyp/12.16.3/include/node/v8config.h:368:31: note: expanded from macro 'V8_WARN_UNUSED_RESULT'
#define V8_WARN_UNUSED_RESULT __attribute__((warn_unused_result))
                              ^
../src/ursaNative.cc:693:104: error: too few arguments to function call, single argument 'context' was not specified
  target->Set(NanNew("textToNid").ToLocalChecked(), Nan::New<FunctionTemplate>(TextToNid)->GetFunction());
                                                    ~~~~~~~~~~~~~~~~~~~~~~~~~~~~~~~~~~~~~~~~~~~~~~~~~~ ^
/Users/onkarbk/Library/Caches/node-gyp/12.16.3/include/node/v8.h:6126:3: note: 'GetFunction' declared here
  V8_WARN_UNUSED_RESULT MaybeLocal<Function> GetFunction(
  ^
/Users/onkarbk/Library/Caches/node-gyp/12.16.3/include/node/v8config.h:368:31: note: expanded from macro 'V8_WARN_UNUSED_RESULT'
#define V8_WARN_UNUSED_RESULT __attribute__((warn_unused_result))
                              ^
../src/ursaNative.cc:866:42: error: too few arguments to function call, single argument 'context' was not specified
  int modulusBits = args[0]->Uint32Value();
                    ~~~~~~~~~~~~~~~~~~~~ ^
/Users/onkarbk/Library/Caches/node-gyp/12.16.3/include/node/v8.h:2707:3: note: 'Uint32Value' declared here
  V8_WARN_UNUSED_RESULT Maybe<uint32_t> Uint32Value(
  ^
/Users/onkarbk/Library/Caches/node-gyp/12.16.3/include/node/v8config.h:368:31: note: expanded from macro 'V8_WARN_UNUSED_RESULT'
#define V8_WARN_UNUSED_RESULT __attribute__((warn_unused_result))
                              ^
../src/ursaNative.cc:867:39: error: too few arguments to function call, single argument 'context' was not specified
  int exponent = args[1]->Uint32Value();
                 ~~~~~~~~~~~~~~~~~~~~ ^
/Users/onkarbk/Library/Caches/node-gyp/12.16.3/include/node/v8.h:2707:3: note: 'Uint32Value' declared here
  V8_WARN_UNUSED_RESULT Maybe<uint32_t> Uint32Value(
  ^
/Users/onkarbk/Library/Caches/node-gyp/12.16.3/include/node/v8config.h:368:31: note: expanded from macro 'V8_WARN_UNUSED_RESULT'
#define V8_WARN_UNUSED_RESULT __attribute__((warn_unused_result))
                              ^
../src/ursaNative.cc:1103:38: error: too few arguments to function call, single argument 'context' was not specified
  int padding = args[1]->Uint32Value();
                ~~~~~~~~~~~~~~~~~~~~ ^
/Users/onkarbk/Library/Caches/node-gyp/12.16.3/include/node/v8.h:2707:3: note: 'Uint32Value' declared here
  V8_WARN_UNUSED_RESULT Maybe<uint32_t> Uint32Value(
  ^
/Users/onkarbk/Library/Caches/node-gyp/12.16.3/include/node/v8config.h:368:31: note: expanded from macro 'V8_WARN_UNUSED_RESULT'
#define V8_WARN_UNUSED_RESULT __attribute__((warn_unused_result))
                              ^
../src/ursaNative.cc:1161:38: error: too few arguments to function call, single argument 'context' was not specified
  int padding = args[1]->Uint32Value();
                ~~~~~~~~~~~~~~~~~~~~ ^
/Users/onkarbk/Library/Caches/node-gyp/12.16.3/include/node/v8.h:2707:3: note: 'Uint32Value' declared here
  V8_WARN_UNUSED_RESULT Maybe<uint32_t> Uint32Value(
  ^
/Users/onkarbk/Library/Caches/node-gyp/12.16.3/include/node/v8config.h:368:31: note: expanded from macro 'V8_WARN_UNUSED_RESULT'
#define V8_WARN_UNUSED_RESULT __attribute__((warn_unused_result))
                              ^
../src/ursaNative.cc:1218:38: error: too few arguments to function call, single argument 'context' was not specified
  int padding = args[1]->Uint32Value();
                ~~~~~~~~~~~~~~~~~~~~ ^
/Users/onkarbk/Library/Caches/node-gyp/12.16.3/include/node/v8.h:2707:3: note: 'Uint32Value' declared here
  V8_WARN_UNUSED_RESULT Maybe<uint32_t> Uint32Value(
  ^
/Users/onkarbk/Library/Caches/node-gyp/12.16.3/include/node/v8config.h:368:31: note: expanded from macro 'V8_WARN_UNUSED_RESULT'
#define V8_WARN_UNUSED_RESULT __attribute__((warn_unused_result))
                              ^
../src/ursaNative.cc:1272:38: error: too few arguments to function call, single argument 'context' was not specified
  int padding = args[1]->Uint32Value();
                ~~~~~~~~~~~~~~~~~~~~ ^
/Users/onkarbk/Library/Caches/node-gyp/12.16.3/include/node/v8.h:2707:3: note: 'Uint32Value' declared here
  V8_WARN_UNUSED_RESULT Maybe<uint32_t> Uint32Value(
  ^
/Users/onkarbk/Library/Caches/node-gyp/12.16.3/include/node/v8config.h:368:31: note: expanded from macro 'V8_WARN_UNUSED_RESULT'
#define V8_WARN_UNUSED_RESULT __attribute__((warn_unused_result))
                              ^
../src/ursaNative.cc:1411:34: error: too few arguments to function call, single argument 'context' was not specified
  int nid = args[0]->Uint32Value();
            ~~~~~~~~~~~~~~~~~~~~ ^
/Users/onkarbk/Library/Caches/node-gyp/12.16.3/include/node/v8.h:2707:3: note: 'Uint32Value' declared here
  V8_WARN_UNUSED_RESULT Maybe<uint32_t> Uint32Value(
  ^
/Users/onkarbk/Library/Caches/node-gyp/12.16.3/include/node/v8config.h:368:31: note: expanded from macro 'V8_WARN_UNUSED_RESULT'
#define V8_WARN_UNUSED_RESULT __attribute__((warn_unused_result))
                              ^
../src/ursaNative.cc:1477:34: error: too few arguments to function call, single argument 'context' was not specified
  int nid = args[0]->Uint32Value();
            ~~~~~~~~~~~~~~~~~~~~ ^
/Users/onkarbk/Library/Caches/node-gyp/12.16.3/include/node/v8.h:2707:3: note: 'Uint32Value' declared here
  V8_WARN_UNUSED_RESULT Maybe<uint32_t> Uint32Value(
  ^
/Users/onkarbk/Library/Caches/node-gyp/12.16.3/include/node/v8config.h:368:31: note: expanded from macro 'V8_WARN_UNUSED_RESULT'
#define V8_WARN_UNUSED_RESULT __attribute__((warn_unused_result))
                              ^
../src/ursaNative.cc:1554:34: error: too few arguments to function call, single argument 'context' was not specified
  int nid = args[0]->Uint32Value();
            ~~~~~~~~~~~~~~~~~~~~ ^
/Users/onkarbk/Library/Caches/node-gyp/12.16.3/include/node/v8.h:2707:3: note: 'Uint32Value' declared here
  V8_WARN_UNUSED_RESULT Maybe<uint32_t> Uint32Value(
  ^
/Users/onkarbk/Library/Caches/node-gyp/12.16.3/include/node/v8config.h:368:31: note: expanded from macro 'V8_WARN_UNUSED_RESULT'
#define V8_WARN_UNUSED_RESULT __attribute__((warn_unused_result))
                              ^
../src/ursaNative.cc:1584:35: error: too few arguments to function call, single argument 'context' was not specified
  int sLen = args[2]->Uint32Value();
             ~~~~~~~~~~~~~~~~~~~~ ^
/Users/onkarbk/Library/Caches/node-gyp/12.16.3/include/node/v8.h:2707:3: note: 'Uint32Value' declared here
  V8_WARN_UNUSED_RESULT Maybe<uint32_t> Uint32Value(
  ^
/Users/onkarbk/Library/Caches/node-gyp/12.16.3/include/node/v8config.h:368:31: note: expanded from macro 'V8_WARN_UNUSED_RESULT'
#define V8_WARN_UNUSED_RESULT __attribute__((warn_unused_result))
                              ^
../src/ursaNative.cc:1627:34: error: too few arguments to function call, single argument 'context' was not specified
  int nid = args[0]->Uint32Value();
            ~~~~~~~~~~~~~~~~~~~~ ^
/Users/onkarbk/Library/Caches/node-gyp/12.16.3/include/node/v8.h:2707:3: note: 'Uint32Value' declared here
  V8_WARN_UNUSED_RESULT Maybe<uint32_t> Uint32Value(
  ^
/Users/onkarbk/Library/Caches/node-gyp/12.16.3/include/node/v8config.h:368:31: note: expanded from macro 'V8_WARN_UNUSED_RESULT'
#define V8_WARN_UNUSED_RESULT __attribute__((warn_unused_result))
                              ^
../src/ursaNative.cc:1674:35: error: too few arguments to function call, single argument 'context' was not specified
  int sLen = args[3]->Uint32Value();
             ~~~~~~~~~~~~~~~~~~~~ ^
/Users/onkarbk/Library/Caches/node-gyp/12.16.3/include/node/v8.h:2707:3: note: 'Uint32Value' declared here
  V8_WARN_UNUSED_RESULT Maybe<uint32_t> Uint32Value(
  ^
/Users/onkarbk/Library/Caches/node-gyp/12.16.3/include/node/v8config.h:368:31: note: expanded from macro 'V8_WARN_UNUSED_RESULT'
#define V8_WARN_UNUSED_RESULT __attribute__((warn_unused_result))
                              ^
17 errors generated.
make: *** [Release/obj.target/ursaNative/src/ursaNative.o] Error 1
gyp ERR! build error 
gyp ERR! stack Error: `make` failed with exit code: 2
gyp ERR! stack     at ChildProcess.onExit (/usr/local/lib/node_modules/npm/node_modules/node-gyp/lib/build.js:194:23)
gyp ERR! stack     at ChildProcess.emit (events.js:310:20)
gyp ERR! stack     at Process.ChildProcess._handle.onexit (internal/child_process.js:275:12)
gyp ERR! System Darwin 20.3.0
gyp ERR! command "/usr/local/bin/node" "/usr/local/lib/node_modules/npm/node_modules/node-gyp/bin/node-gyp.js" "rebuild"
gyp ERR! cwd /Users/onkarbk/eth-ipfs/node_modules/ursa-optional
gyp ERR! node -v v12.16.3
gyp ERR! node-gyp -v v7.1.2
gyp ERR! not ok 
npm ERR! code 1
npm ERR! path /Users/onkarbk/eth-ipfs/node_modules/ursa-optional
npm ERR! command failed
npm ERR! command sh -c node-gyp rebuild

npm ERR! A complete log of this run can be found in:
npm ERR!     /Users/onkarbk/.npm/_logs/2021-05-15T16_29_52_717Z-debug.log
